app/build/intermediates/manifest_merge_blame_file/debug/manifest-merger-blame-debug-report.txt
1<?xml version="1.0" encoding="utf-8"?>
2<manifest xmlns:android="http://schemas.android.com/apk/res/android"
3    package="com.app.bookwishlist"
4    android:versionCode="1"
5    android:versionName="1.0" >
6
7    <uses-sdk
8        android:minSdkVersion="14"
9        android:targetSdkVersion="33" />
10
11    <!-- read the contents of your shared storage -->
12    <uses-permission android:name="android.permission.READ_EXTERNAL_STORAGE" />
12-->src/main/AndroidManifest.xml:6:5-79
12-->src/main/AndroidManifest.xml:6:22-77
13
14    <!-- modify or delete the contents of your shared storage -->
15    <uses-permission android:name="android.permission.WRITE_EXTERNAL_STORAGE" />
15-->src/main/AndroidManifest.xml:9:5-80
15-->src/main/AndroidManifest.xml:9:22-78
16
17    <application
17-->src/main/AndroidManifest.xml:11:5-40:19
18        android:allowBackup="true"
18-->src/main/AndroidManifest.xml:12:9-35
19        android:appComponentFactory="androidx.core.app.CoreComponentFactory"
19-->[androidx.core:core:1.0.0] AndroidManifest.xml:22:18-86
20        android:debuggable="true"
21        android:extractNativeLibs="true"
22        android:icon="@drawable/ic_launcher"
22-->src/main/AndroidManifest.xml:13:9-45
23        android:label="@string/app_name"
23-->src/main/AndroidManifest.xml:14:9-41
24        android:resizeableActivity="false"
24-->src/main/AndroidManifest.xml:16:9-43
25        android:testOnly="true"
26        android:theme="@style/AppTheme" >
26-->src/main/AndroidManifest.xml:15:9-40
27        <activity
27-->src/main/AndroidManifest.xml:18:9-28:20
28            android:name="com.app.bookwishlist.SplashActivity"
28-->src/main/AndroidManifest.xml:19:13-63
29            android:exported="true"
29-->src/main/AndroidManifest.xml:20:13-36
30            android:label="@string/app_name" >
30-->src/main/AndroidManifest.xml:21:13-45
31            <intent-filter>
31-->src/main/AndroidManifest.xml:22:13-26:29
32                <action android:name="android.intent.action.MAIN" />
32-->src/main/AndroidManifest.xml:23:17-68
32-->src/main/AndroidManifest.xml:23:25-66
33
34                <category android:name="android.intent.category.LAUNCHER" />
34-->src/main/AndroidManifest.xml:24:17-76
34-->src/main/AndroidManifest.xml:24:27-74
35            </intent-filter>
36        </activity>
37        <activity android:name="com.app.bookwishlist.MainActivity" />
37-->src/main/AndroidManifest.xml:29:3-63
37-->src/main/AndroidManifest.xml:29:13-61
38        <activity
38-->src/main/AndroidManifest.xml:30:3-31:53
39            android:name="com.app.bookwishlist.RecordBookActivity"
39-->src/main/AndroidManifest.xml:30:13-67
40            android:theme="@style/Theme.AppCompat" />
40-->src/main/AndroidManifest.xml:31:13-51
41        <activity
41-->src/main/AndroidManifest.xml:32:9-33:53
42            android:name="com.app.bookwishlist.EditBookActivity"
42-->src/main/AndroidManifest.xml:32:19-71
43            android:theme="@style/Theme.AppCompat" />
43-->src/main/AndroidManifest.xml:33:13-51
44        <activity
44-->src/main/AndroidManifest.xml:34:9-35:53
45            android:name="com.app.bookwishlist.DetailActivity"
45-->src/main/AndroidManifest.xml:34:19-69
46            android:theme="@style/Theme.AppCompat" />
46-->src/main/AndroidManifest.xml:35:13-51
47
48        <meta-data
48-->src/main/AndroidManifest.xml:36:9-38:34
49            android:name="android.max_aspect"
49-->src/main/AndroidManifest.xml:37:13-46
50            android:value="4.0" />
50-->src/main/AndroidManifest.xml:38:13-32
51    </application>
52
53</manifest>